Arguments: 
  /usr/bin/node /usr/share/yarn/bin/yarn.js

PATH: 
  /usr/share/Modules/bin:/usr/local/bin:/usr/local/sbin:/usr/bin:/usr/sbin:/home/dhs/bin:/home/dhs/bin:~/android-studio/bin:~/.yarn/global/bin:~/.npm/global/bin:/home/dhs/Android/Sdk/emulator:/home/dhs/Android/Sdk/tools:/home/dhs/Android/Sdk/tools/bin:/home/dhs/Android/Sdk/platform-tools:~/android-studio/bin:~/.yarn/global/bin:~/.npm/global/bin:/home/dhs/Android/Sdk/emulator:/home/dhs/Android/Sdk/tools:/home/dhs/Android/Sdk/tools/bin:/home/dhs/Android/Sdk/platform-tools

Yarn version: 
  1.22.5

Node version: 
  12.18.3

Platform: 
  linux x64

Trace: 
  Error: https://registry.yarnpkg.com/@typescript-eslint%2fexplicit-module-boundary-types: Not found
      at Request.params.callback [as _callback] (/usr/share/yarn/lib/cli.js:66988:18)
      at Request.self.callback (/usr/share/yarn/lib/cli.js:140749:22)
      at Request.emit (events.js:315:20)
      at Request.<anonymous> (/usr/share/yarn/lib/cli.js:141721:10)
      at Request.emit (events.js:315:20)
      at IncomingMessage.<anonymous> (/usr/share/yarn/lib/cli.js:141643:12)
      at Object.onceWrapper (events.js:421:28)
      at IncomingMessage.emit (events.js:327:22)
      at endReadableNT (_stream_readable.js:1220:12)
      at processTicksAndRejections (internal/process/task_queues.js:84:21)

npm manifest: 
  {
    "name": "eslint-config-via-profit",
    "version": "0.2.15",
    "main": "index.js",
    "private": true,
    "description": "ESLint configuration package for Via Profit services projects",
    "support": "https://via-profit.ru",
    "scripts": {
      "lint": "eslint --fix --ext .js --ext .ts .",
      "postversion": "node ./scripts/postversion.js",
      "release:patch": "yarn version --patch",
      "release:minor": "yarn version --minor",
      "release:major": "yarn version --major",
      "release:prerelease": "yarn version --prerelease"
    },
    "repository": {
      "type": "git",
      "url": "git@github.com:via-profit/eslint-config-via-profit.git"
    },
    "author": "Via Profit <promo@via-profit.ru>",
    "license": "MIT",
    "devDependencies": {
      "chalk": "^4.1.0",
      "eslint-plugin-react": "^7.21.2",
      "typescript": "^4.0.3",
      "@typescript-eslint/eslint-plugin": "^4.2.0",
      "@typescript-eslint/explicit-module-boundary-types": "off",
      "@typescript-eslint/parser": "^4.2.0",
      "eslint": "^7.9.0",
      "eslint-config-prettier": "^6.11.0",
      "eslint-config-standard": "^14.1.1",
      "eslint-import-resolver-webpack": "^0.12.2",
      "eslint-plugin-import": "^2.22.0",
      "eslint-plugin-node": "^11.1.0",
      "eslint-plugin-prettier": "^3.1.4",
      "eslint-plugin-promise": "^4.2.1",
      "eslint-plugin-standard": "^4.0.1",
      "prettier": "^2.1.2"
    }
  }

yarn manifest: 
  No manifest

Lockfile: 
  # THIS IS AN AUTOGENERATED FILE. DO NOT EDIT THIS FILE DIRECTLY.
  # yarn lockfile v1
  
  
  "@types/color-name@^1.1.1":
    version "1.1.1"
    resolved "https://registry.yarnpkg.com/@types/color-name/-/color-name-1.1.1.tgz#1c1261bbeaa10a8055bbc5d8ab84b7b2afc846a0"
    integrity sha512-rr+OQyAjxze7GgWrSaJwydHStIhHq2lvY3BOC2Mj7KnzI7XK0Uw1TOOdI9lDoajEbSWLiYgoo4f1R51erQfhPQ==
  
  ansi-styles@^4.1.0:
    version "4.2.1"
    resolved "https://registry.yarnpkg.com/ansi-styles/-/ansi-styles-4.2.1.tgz#90ae75c424d008d2624c5bf29ead3177ebfcf359"
    integrity sha512-9VGjrMsG1vePxcSweQsN20KY/c4zN0h9fLjqAbwbPfahM3t+NL+M9HC8xeXG2I8pX5NoamTGNuomEUFI7fcUjA==
    dependencies:
      "@types/color-name" "^1.1.1"
      color-convert "^2.0.1"
  
  array-includes@^3.1.1:
    version "3.1.1"
    resolved "https://registry.yarnpkg.com/array-includes/-/array-includes-3.1.1.tgz#cdd67e6852bdf9c1215460786732255ed2459348"
    integrity sha512-c2VXaCHl7zPsvpkFsw4nxvFie4fh1ur9bpcgsVkIjqn0H/Xwdg+7fv3n2r/isyS8EBj5b06M9kHyZuIr4El6WQ==
    dependencies:
      define-properties "^1.1.3"
      es-abstract "^1.17.0"
      is-string "^1.0.5"
  
  array.prototype.flatmap@^1.2.3:
    version "1.2.3"
    resolved "https://registry.yarnpkg.com/array.prototype.flatmap/-/array.prototype.flatmap-1.2.3.tgz#1c13f84a178566042dd63de4414440db9222e443"
    integrity sha512-OOEk+lkePcg+ODXIpvuU9PAryCikCJyo7GlDG1upleEpQRx6mzL9puEBkozQ5iAx20KV0l3DbyQwqciJtqe5Pg==
    dependencies:
      define-properties "^1.1.3"
      es-abstract "^1.17.0-next.1"
      function-bind "^1.1.1"
  
  chalk@^4.1.0:
    version "4.1.0"
    resolved "https://registry.yarnpkg.com/chalk/-/chalk-4.1.0.tgz#4e14870a618d9e2edd97dd8345fd9d9dc315646a"
    integrity sha512-qwx12AxXe2Q5xQ43Ac//I6v5aXTipYrSESdOgzrN+9XjgEpyjpKuvSGaN4qE93f7TQTlerQQ8S+EQ0EyDoVL1A==
    dependencies:
      ansi-styles "^4.1.0"
      supports-color "^7.1.0"
  
  color-convert@^2.0.1:
    version "2.0.1"
    resolved "https://registry.yarnpkg.com/color-convert/-/color-convert-2.0.1.tgz#72d3a68d598c9bdb3af2ad1e84f21d896abd4de3"
    integrity sha512-RRECPsj7iu/xb5oKYcsFHSppFNnsj/52OVTRKb4zP5onXwVF3zVmmToNcOfGC+CRDpfK/U584fMg38ZHCaElKQ==
    dependencies:
      color-name "~1.1.4"
  
  color-name@~1.1.4:
    version "1.1.4"
    resolved "https://registry.yarnpkg.com/color-name/-/color-name-1.1.4.tgz#c2a09a87acbde69543de6f63fa3995c826c536a2"
    integrity sha512-dOy+3AuW3a2wNbZHIuMZpTcgjGuLU/uBL/ubcZF9OXbDo8ff4O8yVp5Bf0efS8uEoYo5q4Fx7dY9OgQGXgAsQA==
  
  define-properties@^1.1.3:
    version "1.1.3"
    resolved "https://registry.yarnpkg.com/define-properties/-/define-properties-1.1.3.tgz#cf88da6cbee26fe6db7094f61d870cbd84cee9f1"
    integrity sha512-3MqfYKj2lLzdMSf8ZIZE/V+Zuy+BgD6f164e8K2w7dgnpKArBDerGYpM46IYYcjnkdPNMjPk9A6VFB8+3SKlXQ==
    dependencies:
      object-keys "^1.0.12"
  
  doctrine@^2.1.0:
    version "2.1.0"
    resolved "https://registry.yarnpkg.com/doctrine/-/doctrine-2.1.0.tgz#5cd01fc101621b42c4cd7f5d1a66243716d3f39d"
    integrity sha512-35mSku4ZXK0vfCuHEDAwt55dg2jNajHZ1odvF+8SSr82EsZY4QmXfuWso8oEd8zRhVObSN18aM0CjSdoBX7zIw==
    dependencies:
      esutils "^2.0.2"
  
  es-abstract@^1.17.0, es-abstract@^1.17.0-next.1, es-abstract@^1.17.5:
    version "1.17.6"
    resolved "https://registry.yarnpkg.com/es-abstract/-/es-abstract-1.17.6.tgz#9142071707857b2cacc7b89ecb670316c3e2d52a"
    integrity sha512-Fr89bON3WFyUi5EvAeI48QTWX0AyekGgLA8H+c+7fbfCkJwRWRMLd8CQedNEyJuoYYhmtEqY92pgte1FAhBlhw==
    dependencies:
      es-to-primitive "^1.2.1"
      function-bind "^1.1.1"
      has "^1.0.3"
      has-symbols "^1.0.1"
      is-callable "^1.2.0"
      is-regex "^1.1.0"
      object-inspect "^1.7.0"
      object-keys "^1.1.1"
      object.assign "^4.1.0"
      string.prototype.trimend "^1.0.1"
      string.prototype.trimstart "^1.0.1"
  
  es-abstract@^1.18.0-next.0:
    version "1.18.0-next.0"
    resolved "https://registry.yarnpkg.com/es-abstract/-/es-abstract-1.18.0-next.0.tgz#b302834927e624d8e5837ed48224291f2c66e6fc"
    integrity sha512-elZXTZXKn51hUBdJjSZGYRujuzilgXo8vSPQzjGYXLvSlGiCo8VO8ZGV3kjo9a0WNJJ57hENagwbtlRuHuzkcQ==
    dependencies:
      es-to-primitive "^1.2.1"
      function-bind "^1.1.1"
      has "^1.0.3"
      has-symbols "^1.0.1"
      is-callable "^1.2.0"
      is-negative-zero "^2.0.0"
      is-regex "^1.1.1"
      object-inspect "^1.8.0"
      object-keys "^1.1.1"
      object.assign "^4.1.0"
      string.prototype.trimend "^1.0.1"
      string.prototype.trimstart "^1.0.1"
  
  es-to-primitive@^1.2.1:
    version "1.2.1"
    resolved "https://registry.yarnpkg.com/es-to-primitive/-/es-to-primitive-1.2.1.tgz#e55cd4c9cdc188bcefb03b366c736323fc5c898a"
    integrity sha512-QCOllgZJtaUo9miYBcLChTUaHNjJF3PYs1VidD7AwiEj1kYxKeQTctLAezAOH5ZKRH0g2IgPn6KwB4IT8iRpvA==
    dependencies:
      is-callable "^1.1.4"
      is-date-object "^1.0.1"
      is-symbol "^1.0.2"
  
  eslint-plugin-react@^7.21.2:
    version "7.21.2"
    resolved "https://registry.yarnpkg.com/eslint-plugin-react/-/eslint-plugin-react-7.21.2.tgz#3bd5d2c4c36d5a0428d0d6dda301ac9a84d681b2"
    integrity sha512-j3XKvrK3rpBzveKFbgAeGsWb9uz6iUOrR0jixRfjwdFeGSRsXvVTFtHDQYCjsd1/6Z/xvb8Vy3LiI5Reo7fDrg==
    dependencies:
      array-includes "^3.1.1"
      array.prototype.flatmap "^1.2.3"
      doctrine "^2.1.0"
      has "^1.0.3"
      jsx-ast-utils "^2.4.1"
      object.entries "^1.1.2"
      object.fromentries "^2.0.2"
      object.values "^1.1.1"
      prop-types "^15.7.2"
      resolve "^1.17.0"
      string.prototype.matchall "^4.0.2"
  
  esutils@^2.0.2:
    version "2.0.3"
    resolved "https://registry.yarnpkg.com/esutils/-/esutils-2.0.3.tgz#74d2eb4de0b8da1293711910d50775b9b710ef64"
    integrity sha512-kVscqXk4OCp68SZ0dkgEKVi6/8ij300KBWTJq32P/dYeWTSwK41WyTxalN1eRmA5Z9UU/LX9D7FWSmV9SAYx6g==
  
  function-bind@^1.1.1:
    version "1.1.1"
    resolved "https://registry.yarnpkg.com/function-bind/-/function-bind-1.1.1.tgz#a56899d3ea3c9bab874bb9773b7c5ede92f4895d"
    integrity sha512-yIovAzMX49sF8Yl58fSCWJ5svSLuaibPxXQJFLmBObTuCr0Mf1KiPopGM9NiFjiYBCbfaa2Fh6breQ6ANVTI0A==
  
  has-flag@^4.0.0:
    version "4.0.0"
    resolved "https://registry.yarnpkg.com/has-flag/-/has-flag-4.0.0.tgz#944771fd9c81c81265c4d6941860da06bb59479b"
    integrity sha512-EykJT/Q1KjTWctppgIAgfSO0tKVuZUjhgMr17kqTumMl6Afv3EISleU7qZUzoXDFTAHTDC4NOoG/ZxU3EvlMPQ==
  
  has-symbols@^1.0.1:
    version "1.0.1"
    resolved "https://registry.yarnpkg.com/has-symbols/-/has-symbols-1.0.1.tgz#9f5214758a44196c406d9bd76cebf81ec2dd31e8"
    integrity sha512-PLcsoqu++dmEIZB+6totNFKq/7Do+Z0u4oT0zKOJNl3lYK6vGwwu2hjHs+68OEZbTjiUE9bgOABXbP/GvrS0Kg==
  
  has@^1.0.3:
    version "1.0.3"
    resolved "https://registry.yarnpkg.com/has/-/has-1.0.3.tgz#722d7cbfc1f6aa8241f16dd814e011e1f41e8796"
    integrity sha512-f2dvO0VU6Oej7RkWJGrehjbzMAjFp5/VKPp5tTpWIV4JHHZK1/BxbFRtf/siA2SWTe09caDmVtYYzWEIbBS4zw==
    dependencies:
      function-bind "^1.1.1"
  
  internal-slot@^1.0.2:
    version "1.0.2"
    resolved "https://registry.yarnpkg.com/internal-slot/-/internal-slot-1.0.2.tgz#9c2e9fb3cd8e5e4256c6f45fe310067fcfa378a3"
    integrity sha512-2cQNfwhAfJIkU4KZPkDI+Gj5yNNnbqi40W9Gge6dfnk4TocEVm00B3bdiL+JINrbGJil2TeHvM4rETGzk/f/0g==
    dependencies:
      es-abstract "^1.17.0-next.1"
      has "^1.0.3"
      side-channel "^1.0.2"
  
  is-callable@^1.1.4, is-callable@^1.2.0:
    version "1.2.2"
    resolved "https://registry.yarnpkg.com/is-callable/-/is-callable-1.2.2.tgz#c7c6715cd22d4ddb48d3e19970223aceabb080d9"
    integrity sha512-dnMqspv5nU3LoewK2N/y7KLtxtakvTuaCsU9FU50/QDmdbHNy/4/JuRtMHqRU22o3q+W89YQndQEeCVwK+3qrA==
  
  is-date-object@^1.0.1:
    version "1.0.2"
    resolved "https://registry.yarnpkg.com/is-date-object/-/is-date-object-1.0.2.tgz#bda736f2cd8fd06d32844e7743bfa7494c3bfd7e"
    integrity sha512-USlDT524woQ08aoZFzh3/Z6ch9Y/EWXEHQ/AaRN0SkKq4t2Jw2R2339tSXmwuVoY7LLlBCbOIlx2myP/L5zk0g==
  
  is-negative-zero@^2.0.0:
    version "2.0.0"
    resolved "https://registry.yarnpkg.com/is-negative-zero/-/is-negative-zero-2.0.0.tgz#9553b121b0fac28869da9ed459e20c7543788461"
    integrity sha1-lVOxIbD6wohp2p7UWeIMdUN4hGE=
  
  is-regex@^1.1.0, is-regex@^1.1.1:
    version "1.1.1"
    resolved "https://registry.yarnpkg.com/is-regex/-/is-regex-1.1.1.tgz#c6f98aacc546f6cec5468a07b7b153ab564a57b9"
    integrity sha512-1+QkEcxiLlB7VEyFtyBg94e08OAsvq7FUBgApTq/w2ymCLyKJgDPsybBENVtA7XCQEgEXxKPonG+mvYRxh/LIg==
    dependencies:
      has-symbols "^1.0.1"
  
  is-string@^1.0.5:
    version "1.0.5"
    resolved "https://registry.yarnpkg.com/is-string/-/is-string-1.0.5.tgz#40493ed198ef3ff477b8c7f92f644ec82a5cd3a6"
    integrity sha512-buY6VNRjhQMiF1qWDouloZlQbRhDPCebwxSjxMjxgemYT46YMd2NR0/H+fBhEfWX4A/w9TBJ+ol+okqJKFE6vQ==
  
  is-symbol@^1.0.2:
    version "1.0.3"
    resolved "https://registry.yarnpkg.com/is-symbol/-/is-symbol-1.0.3.tgz#38e1014b9e6329be0de9d24a414fd7441ec61937"
    integrity sha512-OwijhaRSgqvhm/0ZdAcXNZt9lYdKFpcRDT5ULUuYXPoT794UNOdU+gpT6Rzo7b4V2HUl/op6GqY894AZwv9faQ==
    dependencies:
      has-symbols "^1.0.1"
  
  "js-tokens@^3.0.0 || ^4.0.0":
    version "4.0.0"
    resolved "https://registry.yarnpkg.com/js-tokens/-/js-tokens-4.0.0.tgz#19203fb59991df98e3a287050d4647cdeaf32499"
    integrity sha512-RdJUflcE3cUzKiMqQgsCu06FPu9UdIJO0beYbPhHN4k6apgJtifcoCtT9bcxOpYBtpD2kCM6Sbzg4CausW/PKQ==
  
  jsx-ast-utils@^2.4.1:
    version "2.4.1"
    resolved "https://registry.yarnpkg.com/jsx-ast-utils/-/jsx-ast-utils-2.4.1.tgz#1114a4c1209481db06c690c2b4f488cc665f657e"
    integrity sha512-z1xSldJ6imESSzOjd3NNkieVJKRlKYSOtMG8SFyCj2FIrvSaSuli/WjpBkEzCBoR9bYYYFgqJw61Xhu7Lcgk+w==
    dependencies:
      array-includes "^3.1.1"
      object.assign "^4.1.0"
  
  loose-envify@^1.4.0:
    version "1.4.0"
    resolved "https://registry.yarnpkg.com/loose-envify/-/loose-envify-1.4.0.tgz#71ee51fa7be4caec1a63839f7e682d8132d30caf"
    integrity sha512-lyuxPGr/Wfhrlem2CL/UcnUc1zcqKAImBDzukY7Y5F/yQiNdko6+fRLevlw1HgMySw7f611UIY408EtxRSoK3Q==
    dependencies:
      js-tokens "^3.0.0 || ^4.0.0"
  
  object-assign@^4.1.1:
    version "4.1.1"
    resolved "https://registry.yarnpkg.com/object-assign/-/object-assign-4.1.1.tgz#2109adc7965887cfc05cbbd442cac8bfbb360863"
    integrity sha1-IQmtx5ZYh8/AXLvUQsrIv7s2CGM=
  
  object-inspect@^1.7.0, object-inspect@^1.8.0:
    version "1.8.0"
    resolved "https://registry.yarnpkg.com/object-inspect/-/object-inspect-1.8.0.tgz#df807e5ecf53a609cc6bfe93eac3cc7be5b3a9d0"
    integrity sha512-jLdtEOB112fORuypAyl/50VRVIBIdVQOSUUGQHzJ4xBSbit81zRarz7GThkEFZy1RceYrWYcPcBFPQwHyAc1gA==
  
  object-keys@^1.0.12, object-keys@^1.1.1:
    version "1.1.1"
    resolved "https://registry.yarnpkg.com/object-keys/-/object-keys-1.1.1.tgz#1c47f272df277f3b1daf061677d9c82e2322c60e"
    integrity sha512-NuAESUOUMrlIXOfHKzD6bpPu3tYt3xvjNdRIQ+FeT0lNb4K8WR70CaDxhuNguS2XG+GjkyMwOzsN5ZktImfhLA==
  
  object.assign@^4.1.0:
    version "4.1.1"
    resolved "https://registry.yarnpkg.com/object.assign/-/object.assign-4.1.1.tgz#303867a666cdd41936ecdedfb1f8f3e32a478cdd"
    integrity sha512-VT/cxmx5yaoHSOTSyrCygIDFco+RsibY2NM0a4RdEeY/4KgqezwFtK1yr3U67xYhqJSlASm2pKhLVzPj2lr4bA==
    dependencies:
      define-properties "^1.1.3"
      es-abstract "^1.18.0-next.0"
      has-symbols "^1.0.1"
      object-keys "^1.1.1"
  
  object.entries@^1.1.2:
    version "1.1.2"
    resolved "https://registry.yarnpkg.com/object.entries/-/object.entries-1.1.2.tgz#bc73f00acb6b6bb16c203434b10f9a7e797d3add"
    integrity sha512-BQdB9qKmb/HyNdMNWVr7O3+z5MUIx3aiegEIJqjMBbBf0YT9RRxTJSim4mzFqtyr7PDAHigq0N9dO0m0tRakQA==
    dependencies:
      define-properties "^1.1.3"
      es-abstract "^1.17.5"
      has "^1.0.3"
  
  object.fromentries@^2.0.2:
    version "2.0.2"
    resolved "https://registry.yarnpkg.com/object.fromentries/-/object.fromentries-2.0.2.tgz#4a09c9b9bb3843dd0f89acdb517a794d4f355ac9"
    integrity sha512-r3ZiBH7MQppDJVLx6fhD618GKNG40CZYH9wgwdhKxBDDbQgjeWGGd4AtkZad84d291YxvWe7bJGuE65Anh0dxQ==
    dependencies:
      define-properties "^1.1.3"
      es-abstract "^1.17.0-next.1"
      function-bind "^1.1.1"
      has "^1.0.3"
  
  object.values@^1.1.1:
    version "1.1.1"
    resolved "https://registry.yarnpkg.com/object.values/-/object.values-1.1.1.tgz#68a99ecde356b7e9295a3c5e0ce31dc8c953de5e"
    integrity sha512-WTa54g2K8iu0kmS/us18jEmdv1a4Wi//BZ/DTVYEcH0XhLM5NYdpDHja3gt57VrZLcNAO2WGA+KpWsDBaHt6eA==
    dependencies:
      define-properties "^1.1.3"
      es-abstract "^1.17.0-next.1"
      function-bind "^1.1.1"
      has "^1.0.3"
  
  path-parse@^1.0.6:
    version "1.0.6"
    resolved "https://registry.yarnpkg.com/path-parse/-/path-parse-1.0.6.tgz#d62dbb5679405d72c4737ec58600e9ddcf06d24c"
    integrity sha512-GSmOT2EbHrINBf9SR7CDELwlJ8AENk3Qn7OikK4nFYAu3Ote2+JYNVvkpAEQm3/TLNEJFD/xZJjzyxg3KBWOzw==
  
  prop-types@^15.7.2:
    version "15.7.2"
    resolved "https://registry.yarnpkg.com/prop-types/-/prop-types-15.7.2.tgz#52c41e75b8c87e72b9d9360e0206b99dcbffa6c5"
    integrity sha512-8QQikdH7//R2vurIJSutZ1smHYTcLpRWEOlHnzcWHmBYrOGUysKwSsrC89BCiFj3CbrfJ/nXFdJepOVrY1GCHQ==
    dependencies:
      loose-envify "^1.4.0"
      object-assign "^4.1.1"
      react-is "^16.8.1"
  
  react-is@^16.8.1:
    version "16.13.1"
    resolved "https://registry.yarnpkg.com/react-is/-/react-is-16.13.1.tgz#789729a4dc36de2999dc156dd6c1d9c18cea56a4"
    integrity sha512-24e6ynE2H+OKt4kqsOvNd8kBpV65zoxbA4BVsEOB3ARVWQki/DHzaUoC5KuON/BiccDaCCTZBuOcfZs70kR8bQ==
  
  regexp.prototype.flags@^1.3.0:
    version "1.3.0"
    resolved "https://registry.yarnpkg.com/regexp.prototype.flags/-/regexp.prototype.flags-1.3.0.tgz#7aba89b3c13a64509dabcf3ca8d9fbb9bdf5cb75"
    integrity sha512-2+Q0C5g951OlYlJz6yu5/M33IcsESLlLfsyIaLJaG4FA2r4yP8MvVMJUUP/fVBkSpbbbZlS5gynbEWLipiiXiQ==
    dependencies:
      define-properties "^1.1.3"
      es-abstract "^1.17.0-next.1"
  
  resolve@^1.17.0:
    version "1.17.0"
    resolved "https://registry.yarnpkg.com/resolve/-/resolve-1.17.0.tgz#b25941b54968231cc2d1bb76a79cb7f2c0bf8444"
    integrity sha512-ic+7JYiV8Vi2yzQGFWOkiZD5Z9z7O2Zhm9XMaTxdJExKasieFCr+yXZ/WmXsckHiKl12ar0y6XiXDx3m4RHn1w==
    dependencies:
      path-parse "^1.0.6"
  
  side-channel@^1.0.2:
    version "1.0.3"
    resolved "https://registry.yarnpkg.com/side-channel/-/side-channel-1.0.3.tgz#cdc46b057550bbab63706210838df5d4c19519c3"
    integrity sha512-A6+ByhlLkksFoUepsGxfj5x1gTSrs+OydsRptUxeNCabQpCFUvcwIczgOigI8vhY/OJCnPnyE9rGiwgvr9cS1g==
    dependencies:
      es-abstract "^1.18.0-next.0"
      object-inspect "^1.8.0"
  
  string.prototype.matchall@^4.0.2:
    version "4.0.2"
    resolved "https://registry.yarnpkg.com/string.prototype.matchall/-/string.prototype.matchall-4.0.2.tgz#48bb510326fb9fdeb6a33ceaa81a6ea04ef7648e"
    integrity sha512-N/jp6O5fMf9os0JU3E72Qhf590RSRZU/ungsL/qJUYVTNv7hTG0P/dbPjxINVN9jpscu3nzYwKESU3P3RY5tOg==
    dependencies:
      define-properties "^1.1.3"
      es-abstract "^1.17.0"
      has-symbols "^1.0.1"
      internal-slot "^1.0.2"
      regexp.prototype.flags "^1.3.0"
      side-channel "^1.0.2"
  
  string.prototype.trimend@^1.0.1:
    version "1.0.1"
    resolved "https://registry.yarnpkg.com/string.prototype.trimend/-/string.prototype.trimend-1.0.1.tgz#85812a6b847ac002270f5808146064c995fb6913"
    integrity sha512-LRPxFUaTtpqYsTeNKaFOw3R4bxIzWOnbQ837QfBylo8jIxtcbK/A/sMV7Q+OAV/vWo+7s25pOE10KYSjaSO06g==
    dependencies:
      define-properties "^1.1.3"
      es-abstract "^1.17.5"
  
  string.prototype.trimstart@^1.0.1:
    version "1.0.1"
    resolved "https://registry.yarnpkg.com/string.prototype.trimstart/-/string.prototype.trimstart-1.0.1.tgz#14af6d9f34b053f7cfc89b72f8f2ee14b9039a54"
    integrity sha512-XxZn+QpvrBI1FOcg6dIpxUPgWCPuNXvMD72aaRaUQv1eD4e/Qy8i/hFTe0BUmD60p/QA6bh1avmuPTfNjqVWRw==
    dependencies:
      define-properties "^1.1.3"
      es-abstract "^1.17.5"
  
  supports-color@^7.1.0:
    version "7.2.0"
    resolved "https://registry.yarnpkg.com/supports-color/-/supports-color-7.2.0.tgz#1b7dcdcb32b8138801b3e478ba6a51caa89648da"
    integrity sha512-qpCAvRl9stuOHveKsn7HncJRvv501qIacKzQlO/+Lwxc9+0q2wLyv4Dfvt80/DPn2pqOBsJdDiogXGR9+OvwRw==
    dependencies:
      has-flag "^4.0.0"
  
  typescript@^4.0.3:
    version "4.0.3"
    resolved "https://registry.yarnpkg.com/typescript/-/typescript-4.0.3.tgz#153bbd468ef07725c1df9c77e8b453f8d36abba5"
    integrity sha512-tEu6DGxGgRJPb/mVPIZ48e69xCn2yRmCgYmDugAVwmJ6o+0u1RI18eO7E7WBTLYLaEVVOhwQmcdhQHweux/WPg==
